<?xml version="1.0" encoding="UTF-8"?>
<testsuite xmlns:xsi="http://www.w3.org/2001/XMLSchema-instance" xsi:noNamespaceSchemaLocation="https://maven.apache.org/surefire/maven-surefire-plugin/xsd/surefire-test-report.xsd" name="com.cyj.InFuzhouApplicationTests" time="10.446" tests="1" errors="0" skipped="0" failures="0">
  <properties>
    <property name="sun.desktop" value="windows"/>
    <property name="awt.toolkit" value="sun.awt.windows.WToolkit"/>
    <property name="java.specification.version" value="11"/>
    <property name="sun.cpu.isalist" value="amd64"/>
    <property name="sun.jnu.encoding" value="GBK"/>
    <property name="java.class.path" value="G:\MyNote\develop\project\cloudNote\cloudNote\target\test-classes;G:\MyNote\develop\project\cloudNote\cloudNote\target\classes;C:\Users\lenovo\.m2\repository\org\springframework\boot\spring-boot-starter-web\2.5.11-SNAPSHOT\spring-boot-starter-web-2.5.11-SNAPSHOT.jar;C:\Users\lenovo\.m2\repository\org\springframework\boot\spring-boot-starter\2.5.11-SNAPSHOT\spring-boot-starter-2.5.11-SNAPSHOT.jar;C:\Users\lenovo\.m2\repository\org\springframework\boot\spring-boot-starter-logging\2.5.11-SNAPSHOT\spring-boot-starter-logging-2.5.11-SNAPSHOT.jar;C:\Users\lenovo\.m2\repository\ch\qos\logback\logback-classic\1.2.10\logback-classic-1.2.10.jar;C:\Users\lenovo\.m2\repository\ch\qos\logback\logback-core\1.2.10\logback-core-1.2.10.jar;C:\Users\lenovo\.m2\repository\org\apache\logging\log4j\log4j-to-slf4j\2.17.1\log4j-to-slf4j-2.17.1.jar;C:\Users\lenovo\.m2\repository\org\apache\logging\log4j\log4j-api\2.17.1\log4j-api-2.17.1.jar;C:\Users\lenovo\.m2\repository\org\slf4j\jul-to-slf4j\1.7.36\jul-to-slf4j-1.7.36.jar;C:\Users\lenovo\.m2\repository\jakarta\annotation\jakarta.annotation-api\1.3.5\jakarta.annotation-api-1.3.5.jar;C:\Users\lenovo\.m2\repository\org\yaml\snakeyaml\1.28\snakeyaml-1.28.jar;C:\Users\lenovo\.m2\repository\org\springframework\boot\spring-boot-starter-json\2.5.11-SNAPSHOT\spring-boot-starter-json-2.5.11-SNAPSHOT.jar;C:\Users\lenovo\.m2\repository\com\fasterxml\jackson\datatype\jackson-datatype-jdk8\2.12.6\jackson-datatype-jdk8-2.12.6.jar;C:\Users\lenovo\.m2\repository\com\fasterxml\jackson\datatype\jackson-datatype-jsr310\2.12.6\jackson-datatype-jsr310-2.12.6.jar;C:\Users\lenovo\.m2\repository\com\fasterxml\jackson\module\jackson-module-parameter-names\2.12.6\jackson-module-parameter-names-2.12.6.jar;C:\Users\lenovo\.m2\repository\org\springframework\boot\spring-boot-starter-tomcat\2.5.11-SNAPSHOT\spring-boot-starter-tomcat-2.5.11-SNAPSHOT.jar;C:\Users\lenovo\.m2\repository\org\apache\tomcat\embed\tomcat-embed-core\9.0.58\tomcat-embed-core-9.0.58.jar;C:\Users\lenovo\.m2\repository\org\apache\tomcat\embed\tomcat-embed-el\9.0.58\tomcat-embed-el-9.0.58.jar;C:\Users\lenovo\.m2\repository\org\apache\tomcat\embed\tomcat-embed-websocket\9.0.58\tomcat-embed-websocket-9.0.58.jar;C:\Users\lenovo\.m2\repository\org\springframework\spring-web\5.3.16\spring-web-5.3.16.jar;C:\Users\lenovo\.m2\repository\org\springframework\spring-beans\5.3.16\spring-beans-5.3.16.jar;C:\Users\lenovo\.m2\repository\org\springframework\spring-webmvc\5.3.16\spring-webmvc-5.3.16.jar;C:\Users\lenovo\.m2\repository\org\springframework\spring-aop\5.3.16\spring-aop-5.3.16.jar;C:\Users\lenovo\.m2\repository\org\springframework\spring-context\5.3.16\spring-context-5.3.16.jar;C:\Users\lenovo\.m2\repository\org\springframework\spring-expression\5.3.16\spring-expression-5.3.16.jar;C:\Users\lenovo\.m2\repository\org\springframework\boot\spring-boot-devtools\2.5.11-SNAPSHOT\spring-boot-devtools-2.5.11-SNAPSHOT.jar;C:\Users\lenovo\.m2\repository\org\springframework\boot\spring-boot\2.5.11-SNAPSHOT\spring-boot-2.5.11-SNAPSHOT.jar;C:\Users\lenovo\.m2\repository\org\springframework\boot\spring-boot-autoconfigure\2.5.11-SNAPSHOT\spring-boot-autoconfigure-2.5.11-SNAPSHOT.jar;C:\Users\lenovo\.m2\repository\org\projectlombok\lombok\1.18.22\lombok-1.18.22.jar;C:\Users\lenovo\.m2\repository\org\springframework\boot\spring-boot-starter-test\2.5.11-SNAPSHOT\spring-boot-starter-test-2.5.11-SNAPSHOT.jar;C:\Users\lenovo\.m2\repository\org\springframework\boot\spring-boot-test\2.5.11-SNAPSHOT\spring-boot-test-2.5.11-SNAPSHOT.jar;C:\Users\lenovo\.m2\repository\org\springframework\boot\spring-boot-test-autoconfigure\2.5.11-SNAPSHOT\spring-boot-test-autoconfigure-2.5.11-SNAPSHOT.jar;C:\Users\lenovo\.m2\repository\com\jayway\jsonpath\json-path\2.5.0\json-path-2.5.0.jar;C:\Users\lenovo\.m2\repository\net\minidev\json-smart\2.4.8\json-smart-2.4.8.jar;C:\Users\lenovo\.m2\repository\net\minidev\accessors-smart\2.4.8\accessors-smart-2.4.8.jar;C:\Users\lenovo\.m2\repository\org\ow2\asm\asm\9.1\asm-9.1.jar;C:\Users\lenovo\.m2\repository\jakarta\xml\bind\jakarta.xml.bind-api\2.3.3\jakarta.xml.bind-api-2.3.3.jar;C:\Users\lenovo\.m2\repository\jakarta\activation\jakarta.activation-api\1.2.2\jakarta.activation-api-1.2.2.jar;C:\Users\lenovo\.m2\repository\org\assertj\assertj-core\3.19.0\assertj-core-3.19.0.jar;C:\Users\lenovo\.m2\repository\org\hamcrest\hamcrest\2.2\hamcrest-2.2.jar;C:\Users\lenovo\.m2\repository\org\junit\jupiter\junit-jupiter\5.7.2\junit-jupiter-5.7.2.jar;C:\Users\lenovo\.m2\repository\org\junit\jupiter\junit-jupiter-api\5.7.2\junit-jupiter-api-5.7.2.jar;C:\Users\lenovo\.m2\repository\org\apiguardian\apiguardian-api\1.1.0\apiguardian-api-1.1.0.jar;C:\Users\lenovo\.m2\repository\org\opentest4j\opentest4j\1.2.0\opentest4j-1.2.0.jar;C:\Users\lenovo\.m2\repository\org\junit\platform\junit-platform-commons\1.7.2\junit-platform-commons-1.7.2.jar;C:\Users\lenovo\.m2\repository\org\junit\jupiter\junit-jupiter-params\5.7.2\junit-jupiter-params-5.7.2.jar;C:\Users\lenovo\.m2\repository\org\junit\jupiter\junit-jupiter-engine\5.7.2\junit-jupiter-engine-5.7.2.jar;C:\Users\lenovo\.m2\repository\org\junit\platform\junit-platform-engine\1.7.2\junit-platform-engine-1.7.2.jar;C:\Users\lenovo\.m2\repository\org\mockito\mockito-core\3.9.0\mockito-core-3.9.0.jar;C:\Users\lenovo\.m2\repository\net\bytebuddy\byte-buddy\1.10.22\byte-buddy-1.10.22.jar;C:\Users\lenovo\.m2\repository\net\bytebuddy\byte-buddy-agent\1.10.22\byte-buddy-agent-1.10.22.jar;C:\Users\lenovo\.m2\repository\org\objenesis\objenesis\3.2\objenesis-3.2.jar;C:\Users\lenovo\.m2\repository\org\mockito\mockito-junit-jupiter\3.9.0\mockito-junit-jupiter-3.9.0.jar;C:\Users\lenovo\.m2\repository\org\skyscreamer\jsonassert\1.5.0\jsonassert-1.5.0.jar;C:\Users\lenovo\.m2\repository\com\vaadin\external\google\android-json\0.0.20131108.vaadin1\android-json-0.0.20131108.vaadin1.jar;C:\Users\lenovo\.m2\repository\org\springframework\spring-core\5.3.16\spring-core-5.3.16.jar;C:\Users\lenovo\.m2\repository\org\springframework\spring-jcl\5.3.16\spring-jcl-5.3.16.jar;C:\Users\lenovo\.m2\repository\org\springframework\spring-test\5.3.16\spring-test-5.3.16.jar;C:\Users\lenovo\.m2\repository\org\xmlunit\xmlunit-core\2.8.4\xmlunit-core-2.8.4.jar;C:\Users\lenovo\.m2\repository\mysql\mysql-connector-java\8.0.28\mysql-connector-java-8.0.28.jar;C:\Users\lenovo\.m2\repository\com\alibaba\druid\1.1.22\druid-1.1.22.jar;C:\Users\lenovo\.m2\repository\com\baomidou\mybatis-plus-boot-starter\3.0.5\mybatis-plus-boot-starter-3.0.5.jar;C:\Users\lenovo\.m2\repository\com\baomidou\mybatis-plus\3.0.5\mybatis-plus-3.0.5.jar;C:\Users\lenovo\.m2\repository\com\baomidou\mybatis-plus-extension\3.0.5\mybatis-plus-extension-3.0.5.jar;C:\Users\lenovo\.m2\repository\com\baomidou\mybatis-plus-core\3.0.5\mybatis-plus-core-3.0.5.jar;C:\Users\lenovo\.m2\repository\com\baomidou\mybatis-plus-annotation\3.0.5\mybatis-plus-annotation-3.0.5.jar;C:\Users\lenovo\.m2\repository\com\github\jsqlparser\jsqlparser\1.2\jsqlparser-1.2.jar;C:\Users\lenovo\.m2\repository\org\mybatis\mybatis-spring\1.3.2\mybatis-spring-1.3.2.jar;C:\Users\lenovo\.m2\repository\org\mybatis\mybatis\3.4.6\mybatis-3.4.6.jar;C:\Users\lenovo\.m2\repository\com\baomidou\mybatis-plus-generator\3.0.5\mybatis-plus-generator-3.0.5.jar;C:\Users\lenovo\.m2\repository\org\springframework\boot\spring-boot-starter-jdbc\2.5.11-SNAPSHOT\spring-boot-starter-jdbc-2.5.11-SNAPSHOT.jar;C:\Users\lenovo\.m2\repository\com\zaxxer\HikariCP\4.0.3\HikariCP-4.0.3.jar;C:\Users\lenovo\.m2\repository\org\springframework\spring-jdbc\5.3.16\spring-jdbc-5.3.16.jar;C:\Users\lenovo\.m2\repository\org\springframework\spring-tx\5.3.16\spring-tx-5.3.16.jar;C:\Users\lenovo\.m2\repository\io\springfox\springfox-boot-starter\3.0.0\springfox-boot-starter-3.0.0.jar;C:\Users\lenovo\.m2\repository\io\springfox\springfox-oas\3.0.0\springfox-oas-3.0.0.jar;C:\Users\lenovo\.m2\repository\io\swagger\core\v3\swagger-annotations\2.1.2\swagger-annotations-2.1.2.jar;C:\Users\lenovo\.m2\repository\io\swagger\core\v3\swagger-models\2.1.2\swagger-models-2.1.2.jar;C:\Users\lenovo\.m2\repository\io\springfox\springfox-spi\3.0.0\springfox-spi-3.0.0.jar;C:\Users\lenovo\.m2\repository\io\springfox\springfox-schema\3.0.0\springfox-schema-3.0.0.jar;C:\Users\lenovo\.m2\repository\io\springfox\springfox-core\3.0.0\springfox-core-3.0.0.jar;C:\Users\lenovo\.m2\repository\io\springfox\springfox-spring-web\3.0.0\springfox-spring-web-3.0.0.jar;C:\Users\lenovo\.m2\repository\io\github\classgraph\classgraph\4.8.83\classgraph-4.8.83.jar;C:\Users\lenovo\.m2\repository\io\springfox\springfox-spring-webmvc\3.0.0\springfox-spring-webmvc-3.0.0.jar;C:\Users\lenovo\.m2\repository\io\springfox\springfox-spring-webflux\3.0.0\springfox-spring-webflux-3.0.0.jar;C:\Users\lenovo\.m2\repository\io\springfox\springfox-swagger-common\3.0.0\springfox-swagger-common-3.0.0.jar;C:\Users\lenovo\.m2\repository\org\mapstruct\mapstruct\1.3.1.Final\mapstruct-1.3.1.Final.jar;C:\Users\lenovo\.m2\repository\io\springfox\springfox-data-rest\3.0.0\springfox-data-rest-3.0.0.jar;C:\Users\lenovo\.m2\repository\io\springfox\springfox-bean-validators\3.0.0\springfox-bean-validators-3.0.0.jar;C:\Users\lenovo\.m2\repository\io\springfox\springfox-swagger2\3.0.0\springfox-swagger2-3.0.0.jar;C:\Users\lenovo\.m2\repository\io\swagger\swagger-annotations\1.5.20\swagger-annotations-1.5.20.jar;C:\Users\lenovo\.m2\repository\io\swagger\swagger-models\1.5.20\swagger-models-1.5.20.jar;C:\Users\lenovo\.m2\repository\io\springfox\springfox-swagger-ui\3.0.0\springfox-swagger-ui-3.0.0.jar;C:\Users\lenovo\.m2\repository\com\fasterxml\classmate\1.5.1\classmate-1.5.1.jar;C:\Users\lenovo\.m2\repository\org\slf4j\slf4j-api\1.7.36\slf4j-api-1.7.36.jar;C:\Users\lenovo\.m2\repository\org\springframework\plugin\spring-plugin-core\2.0.0.RELEASE\spring-plugin-core-2.0.0.RELEASE.jar;C:\Users\lenovo\.m2\repository\org\springframework\plugin\spring-plugin-metadata\2.0.0.RELEASE\spring-plugin-metadata-2.0.0.RELEASE.jar;C:\Users\lenovo\.m2\repository\org\apache\poi\poi\3.14\poi-3.14.jar;C:\Users\lenovo\.m2\repository\commons-codec\commons-codec\1.15\commons-codec-1.15.jar;C:\Users\lenovo\.m2\repository\com\auth0\java-jwt\3.4.0\java-jwt-3.4.0.jar;C:\Users\lenovo\.m2\repository\com\fasterxml\jackson\core\jackson-databind\2.12.6\jackson-databind-2.12.6.jar;C:\Users\lenovo\.m2\repository\com\fasterxml\jackson\core\jackson-annotations\2.12.6\jackson-annotations-2.12.6.jar;C:\Users\lenovo\.m2\repository\com\fasterxml\jackson\core\jackson-core\2.12.6\jackson-core-2.12.6.jar;C:\Users\lenovo\.m2\repository\org\jsoup\jsoup\1.10.2\jsoup-1.10.2.jar;"/>
    <property name="java.vm.vendor" value="Oracle Corporation"/>
    <property name="sun.arch.data.model" value="64"/>
    <property name="user.variant" value=""/>
    <property name="java.vendor.url" value="https://openjdk.java.net/"/>
    <property name="user.timezone" value="Asia/Shanghai"/>
    <property name="java.vm.specification.version" value="11"/>
    <property name="os.name" value="Windows 10"/>
    <property name="sun.java.launcher" value="SUN_STANDARD"/>
    <property name="user.country" value="CN"/>
    <property name="sun.boot.library.path" value="F:\MyTools\cs\java\Java\jdk-11.0.12\bin"/>
    <property name="sun.java.command" value="C:\Users\lenovo\AppData\Local\Temp\surefire14124431193118131201\surefirebooter11473761643047522380.jar C:\Users\lenovo\AppData\Local\Temp\surefire14124431193118131201 2022-04-23T23-30-02_614-jvmRun1 surefire10866514802952230797tmp surefire_0309589477449488410tmp"/>
    <property name="jdk.debug" value="release"/>
    <property name="surefire.test.class.path" value="G:\MyNote\develop\project\cloudNote\cloudNote\target\test-classes;G:\MyNote\develop\project\cloudNote\cloudNote\target\classes;C:\Users\lenovo\.m2\repository\org\springframework\boot\spring-boot-starter-web\2.5.11-SNAPSHOT\spring-boot-starter-web-2.5.11-SNAPSHOT.jar;C:\Users\lenovo\.m2\repository\org\springframework\boot\spring-boot-starter\2.5.11-SNAPSHOT\spring-boot-starter-2.5.11-SNAPSHOT.jar;C:\Users\lenovo\.m2\repository\org\springframework\boot\spring-boot-starter-logging\2.5.11-SNAPSHOT\spring-boot-starter-logging-2.5.11-SNAPSHOT.jar;C:\Users\lenovo\.m2\repository\ch\qos\logback\logback-classic\1.2.10\logback-classic-1.2.10.jar;C:\Users\lenovo\.m2\repository\ch\qos\logback\logback-core\1.2.10\logback-core-1.2.10.jar;C:\Users\lenovo\.m2\repository\org\apache\logging\log4j\log4j-to-slf4j\2.17.1\log4j-to-slf4j-2.17.1.jar;C:\Users\lenovo\.m2\repository\org\apache\logging\log4j\log4j-api\2.17.1\log4j-api-2.17.1.jar;C:\Users\lenovo\.m2\repository\org\slf4j\jul-to-slf4j\1.7.36\jul-to-slf4j-1.7.36.jar;C:\Users\lenovo\.m2\repository\jakarta\annotation\jakarta.annotation-api\1.3.5\jakarta.annotation-api-1.3.5.jar;C:\Users\lenovo\.m2\repository\org\yaml\snakeyaml\1.28\snakeyaml-1.28.jar;C:\Users\lenovo\.m2\repository\org\springframework\boot\spring-boot-starter-json\2.5.11-SNAPSHOT\spring-boot-starter-json-2.5.11-SNAPSHOT.jar;C:\Users\lenovo\.m2\repository\com\fasterxml\jackson\datatype\jackson-datatype-jdk8\2.12.6\jackson-datatype-jdk8-2.12.6.jar;C:\Users\lenovo\.m2\repository\com\fasterxml\jackson\datatype\jackson-datatype-jsr310\2.12.6\jackson-datatype-jsr310-2.12.6.jar;C:\Users\lenovo\.m2\repository\com\fasterxml\jackson\module\jackson-module-parameter-names\2.12.6\jackson-module-parameter-names-2.12.6.jar;C:\Users\lenovo\.m2\repository\org\springframework\boot\spring-boot-starter-tomcat\2.5.11-SNAPSHOT\spring-boot-starter-tomcat-2.5.11-SNAPSHOT.jar;C:\Users\lenovo\.m2\repository\org\apache\tomcat\embed\tomcat-embed-core\9.0.58\tomcat-embed-core-9.0.58.jar;C:\Users\lenovo\.m2\repository\org\apache\tomcat\embed\tomcat-embed-el\9.0.58\tomcat-embed-el-9.0.58.jar;C:\Users\lenovo\.m2\repository\org\apache\tomcat\embed\tomcat-embed-websocket\9.0.58\tomcat-embed-websocket-9.0.58.jar;C:\Users\lenovo\.m2\repository\org\springframework\spring-web\5.3.16\spring-web-5.3.16.jar;C:\Users\lenovo\.m2\repository\org\springframework\spring-beans\5.3.16\spring-beans-5.3.16.jar;C:\Users\lenovo\.m2\repository\org\springframework\spring-webmvc\5.3.16\spring-webmvc-5.3.16.jar;C:\Users\lenovo\.m2\repository\org\springframework\spring-aop\5.3.16\spring-aop-5.3.16.jar;C:\Users\lenovo\.m2\repository\org\springframework\spring-context\5.3.16\spring-context-5.3.16.jar;C:\Users\lenovo\.m2\repository\org\springframework\spring-expression\5.3.16\spring-expression-5.3.16.jar;C:\Users\lenovo\.m2\repository\org\springframework\boot\spring-boot-devtools\2.5.11-SNAPSHOT\spring-boot-devtools-2.5.11-SNAPSHOT.jar;C:\Users\lenovo\.m2\repository\org\springframework\boot\spring-boot\2.5.11-SNAPSHOT\spring-boot-2.5.11-SNAPSHOT.jar;C:\Users\lenovo\.m2\repository\org\springframework\boot\spring-boot-autoconfigure\2.5.11-SNAPSHOT\spring-boot-autoconfigure-2.5.11-SNAPSHOT.jar;C:\Users\lenovo\.m2\repository\org\projectlombok\lombok\1.18.22\lombok-1.18.22.jar;C:\Users\lenovo\.m2\repository\org\springframework\boot\spring-boot-starter-test\2.5.11-SNAPSHOT\spring-boot-starter-test-2.5.11-SNAPSHOT.jar;C:\Users\lenovo\.m2\repository\org\springframework\boot\spring-boot-test\2.5.11-SNAPSHOT\spring-boot-test-2.5.11-SNAPSHOT.jar;C:\Users\lenovo\.m2\repository\org\springframework\boot\spring-boot-test-autoconfigure\2.5.11-SNAPSHOT\spring-boot-test-autoconfigure-2.5.11-SNAPSHOT.jar;C:\Users\lenovo\.m2\repository\com\jayway\jsonpath\json-path\2.5.0\json-path-2.5.0.jar;C:\Users\lenovo\.m2\repository\net\minidev\json-smart\2.4.8\json-smart-2.4.8.jar;C:\Users\lenovo\.m2\repository\net\minidev\accessors-smart\2.4.8\accessors-smart-2.4.8.jar;C:\Users\lenovo\.m2\repository\org\ow2\asm\asm\9.1\asm-9.1.jar;C:\Users\lenovo\.m2\repository\jakarta\xml\bind\jakarta.xml.bind-api\2.3.3\jakarta.xml.bind-api-2.3.3.jar;C:\Users\lenovo\.m2\repository\jakarta\activation\jakarta.activation-api\1.2.2\jakarta.activation-api-1.2.2.jar;C:\Users\lenovo\.m2\repository\org\assertj\assertj-core\3.19.0\assertj-core-3.19.0.jar;C:\Users\lenovo\.m2\repository\org\hamcrest\hamcrest\2.2\hamcrest-2.2.jar;C:\Users\lenovo\.m2\repository\org\junit\jupiter\junit-jupiter\5.7.2\junit-jupiter-5.7.2.jar;C:\Users\lenovo\.m2\repository\org\junit\jupiter\junit-jupiter-api\5.7.2\junit-jupiter-api-5.7.2.jar;C:\Users\lenovo\.m2\repository\org\apiguardian\apiguardian-api\1.1.0\apiguardian-api-1.1.0.jar;C:\Users\lenovo\.m2\repository\org\opentest4j\opentest4j\1.2.0\opentest4j-1.2.0.jar;C:\Users\lenovo\.m2\repository\org\junit\platform\junit-platform-commons\1.7.2\junit-platform-commons-1.7.2.jar;C:\Users\lenovo\.m2\repository\org\junit\jupiter\junit-jupiter-params\5.7.2\junit-jupiter-params-5.7.2.jar;C:\Users\lenovo\.m2\repository\org\junit\jupiter\junit-jupiter-engine\5.7.2\junit-jupiter-engine-5.7.2.jar;C:\Users\lenovo\.m2\repository\org\junit\platform\junit-platform-engine\1.7.2\junit-platform-engine-1.7.2.jar;C:\Users\lenovo\.m2\repository\org\mockito\mockito-core\3.9.0\mockito-core-3.9.0.jar;C:\Users\lenovo\.m2\repository\net\bytebuddy\byte-buddy\1.10.22\byte-buddy-1.10.22.jar;C:\Users\lenovo\.m2\repository\net\bytebuddy\byte-buddy-agent\1.10.22\byte-buddy-agent-1.10.22.jar;C:\Users\lenovo\.m2\repository\org\objenesis\objenesis\3.2\objenesis-3.2.jar;C:\Users\lenovo\.m2\repository\org\mockito\mockito-junit-jupiter\3.9.0\mockito-junit-jupiter-3.9.0.jar;C:\Users\lenovo\.m2\repository\org\skyscreamer\jsonassert\1.5.0\jsonassert-1.5.0.jar;C:\Users\lenovo\.m2\repository\com\vaadin\external\google\android-json\0.0.20131108.vaadin1\android-json-0.0.20131108.vaadin1.jar;C:\Users\lenovo\.m2\repository\org\springframework\spring-core\5.3.16\spring-core-5.3.16.jar;C:\Users\lenovo\.m2\repository\org\springframework\spring-jcl\5.3.16\spring-jcl-5.3.16.jar;C:\Users\lenovo\.m2\repository\org\springframework\spring-test\5.3.16\spring-test-5.3.16.jar;C:\Users\lenovo\.m2\repository\org\xmlunit\xmlunit-core\2.8.4\xmlunit-core-2.8.4.jar;C:\Users\lenovo\.m2\repository\mysql\mysql-connector-java\8.0.28\mysql-connector-java-8.0.28.jar;C:\Users\lenovo\.m2\repository\com\alibaba\druid\1.1.22\druid-1.1.22.jar;C:\Users\lenovo\.m2\repository\com\baomidou\mybatis-plus-boot-starter\3.0.5\mybatis-plus-boot-starter-3.0.5.jar;C:\Users\lenovo\.m2\repository\com\baomidou\mybatis-plus\3.0.5\mybatis-plus-3.0.5.jar;C:\Users\lenovo\.m2\repository\com\baomidou\mybatis-plus-extension\3.0.5\mybatis-plus-extension-3.0.5.jar;C:\Users\lenovo\.m2\repository\com\baomidou\mybatis-plus-core\3.0.5\mybatis-plus-core-3.0.5.jar;C:\Users\lenovo\.m2\repository\com\baomidou\mybatis-plus-annotation\3.0.5\mybatis-plus-annotation-3.0.5.jar;C:\Users\lenovo\.m2\repository\com\github\jsqlparser\jsqlparser\1.2\jsqlparser-1.2.jar;C:\Users\lenovo\.m2\repository\org\mybatis\mybatis-spring\1.3.2\mybatis-spring-1.3.2.jar;C:\Users\lenovo\.m2\repository\org\mybatis\mybatis\3.4.6\mybatis-3.4.6.jar;C:\Users\lenovo\.m2\repository\com\baomidou\mybatis-plus-generator\3.0.5\mybatis-plus-generator-3.0.5.jar;C:\Users\lenovo\.m2\repository\org\springframework\boot\spring-boot-starter-jdbc\2.5.11-SNAPSHOT\spring-boot-starter-jdbc-2.5.11-SNAPSHOT.jar;C:\Users\lenovo\.m2\repository\com\zaxxer\HikariCP\4.0.3\HikariCP-4.0.3.jar;C:\Users\lenovo\.m2\repository\org\springframework\spring-jdbc\5.3.16\spring-jdbc-5.3.16.jar;C:\Users\lenovo\.m2\repository\org\springframework\spring-tx\5.3.16\spring-tx-5.3.16.jar;C:\Users\lenovo\.m2\repository\io\springfox\springfox-boot-starter\3.0.0\springfox-boot-starter-3.0.0.jar;C:\Users\lenovo\.m2\repository\io\springfox\springfox-oas\3.0.0\springfox-oas-3.0.0.jar;C:\Users\lenovo\.m2\repository\io\swagger\core\v3\swagger-annotations\2.1.2\swagger-annotations-2.1.2.jar;C:\Users\lenovo\.m2\repository\io\swagger\core\v3\swagger-models\2.1.2\swagger-models-2.1.2.jar;C:\Users\lenovo\.m2\repository\io\springfox\springfox-spi\3.0.0\springfox-spi-3.0.0.jar;C:\Users\lenovo\.m2\repository\io\springfox\springfox-schema\3.0.0\springfox-schema-3.0.0.jar;C:\Users\lenovo\.m2\repository\io\springfox\springfox-core\3.0.0\springfox-core-3.0.0.jar;C:\Users\lenovo\.m2\repository\io\springfox\springfox-spring-web\3.0.0\springfox-spring-web-3.0.0.jar;C:\Users\lenovo\.m2\repository\io\github\classgraph\classgraph\4.8.83\classgraph-4.8.83.jar;C:\Users\lenovo\.m2\repository\io\springfox\springfox-spring-webmvc\3.0.0\springfox-spring-webmvc-3.0.0.jar;C:\Users\lenovo\.m2\repository\io\springfox\springfox-spring-webflux\3.0.0\springfox-spring-webflux-3.0.0.jar;C:\Users\lenovo\.m2\repository\io\springfox\springfox-swagger-common\3.0.0\springfox-swagger-common-3.0.0.jar;C:\Users\lenovo\.m2\repository\org\mapstruct\mapstruct\1.3.1.Final\mapstruct-1.3.1.Final.jar;C:\Users\lenovo\.m2\repository\io\springfox\springfox-data-rest\3.0.0\springfox-data-rest-3.0.0.jar;C:\Users\lenovo\.m2\repository\io\springfox\springfox-bean-validators\3.0.0\springfox-bean-validators-3.0.0.jar;C:\Users\lenovo\.m2\repository\io\springfox\springfox-swagger2\3.0.0\springfox-swagger2-3.0.0.jar;C:\Users\lenovo\.m2\repository\io\swagger\swagger-annotations\1.5.20\swagger-annotations-1.5.20.jar;C:\Users\lenovo\.m2\repository\io\swagger\swagger-models\1.5.20\swagger-models-1.5.20.jar;C:\Users\lenovo\.m2\repository\io\springfox\springfox-swagger-ui\3.0.0\springfox-swagger-ui-3.0.0.jar;C:\Users\lenovo\.m2\repository\com\fasterxml\classmate\1.5.1\classmate-1.5.1.jar;C:\Users\lenovo\.m2\repository\org\slf4j\slf4j-api\1.7.36\slf4j-api-1.7.36.jar;C:\Users\lenovo\.m2\repository\org\springframework\plugin\spring-plugin-core\2.0.0.RELEASE\spring-plugin-core-2.0.0.RELEASE.jar;C:\Users\lenovo\.m2\repository\org\springframework\plugin\spring-plugin-metadata\2.0.0.RELEASE\spring-plugin-metadata-2.0.0.RELEASE.jar;C:\Users\lenovo\.m2\repository\org\apache\poi\poi\3.14\poi-3.14.jar;C:\Users\lenovo\.m2\repository\commons-codec\commons-codec\1.15\commons-codec-1.15.jar;C:\Users\lenovo\.m2\repository\com\auth0\java-jwt\3.4.0\java-jwt-3.4.0.jar;C:\Users\lenovo\.m2\repository\com\fasterxml\jackson\core\jackson-databind\2.12.6\jackson-databind-2.12.6.jar;C:\Users\lenovo\.m2\repository\com\fasterxml\jackson\core\jackson-annotations\2.12.6\jackson-annotations-2.12.6.jar;C:\Users\lenovo\.m2\repository\com\fasterxml\jackson\core\jackson-core\2.12.6\jackson-core-2.12.6.jar;C:\Users\lenovo\.m2\repository\org\jsoup\jsoup\1.10.2\jsoup-1.10.2.jar;"/>
    <property name="sun.cpu.endian" value="little"/>
    <property name="user.home" value="C:\Users\lenovo"/>
    <property name="user.language" value="zh"/>
    <property name="java.specification.vendor" value="Oracle Corporation"/>
    <property name="java.version.date" value="2021-07-20"/>
    <property name="java.home" value="F:\MyTools\cs\java\Java\jdk-11.0.12"/>
    <property name="file.separator" value="\"/>
    <property name="basedir" value="G:\MyNote\develop\project\cloudNote\cloudNote"/>
    <property name="java.vm.compressedOopsMode" value="32-bit"/>
    <property name="line.separator" value="&#10;"/>
    <property name="java.specification.name" value="Java Platform API Specification"/>
    <property name="java.vm.specification.vendor" value="Oracle Corporation"/>
    <property name="java.awt.graphicsenv" value="sun.awt.Win32GraphicsEnvironment"/>
    <property name="surefire.real.class.path" value="C:\Users\lenovo\AppData\Local\Temp\surefire14124431193118131201\surefirebooter11473761643047522380.jar"/>
    <property name="user.script" value=""/>
    <property name="sun.management.compiler" value="HotSpot 64-Bit Tiered Compilers"/>
    <property name="java.runtime.version" value="11.0.12+8-LTS-237"/>
    <property name="user.name" value="lenovo"/>
    <property name="path.separator" value=";"/>
    <property name="os.version" value="10.0"/>
    <property name="java.runtime.name" value="Java(TM) SE Runtime Environment"/>
    <property name="file.encoding" value="GBK"/>
    <property name="java.vm.name" value="Java HotSpot(TM) 64-Bit Server VM"/>
    <property name="java.vendor.version" value="18.9"/>
    <property name="localRepository" value="C:\Users\lenovo\.m2\repository"/>
    <property name="java.vendor.url.bug" value="https://bugreport.java.com/bugreport/"/>
    <property name="java.io.tmpdir" value="C:\Users\lenovo\AppData\Local\Temp\"/>
    <property name="idea.version" value="2021.2.1"/>
    <property name="java.version" value="11.0.12"/>
    <property name="user.dir" value="G:\MyNote\develop\project\cloudNote\cloudNote"/>
    <property name="os.arch" value="amd64"/>
    <property name="java.vm.specification.name" value="Java Virtual Machine Specification"/>
    <property name="java.awt.printerjob" value="sun.awt.windows.WPrinterJob"/>
    <property name="sun.os.patch.level" value=""/>
    <property name="java.library.path" value="F:\MyTools\cs\java\Java\jdk-11.0.12\bin;C:\windows\Sun\Java\bin;C:\windows\system32;C:\windows;C:\Program Files\PlasticSCM5\server;C:\Program Files\PlasticSCM5\client;C:\Program Files\Common Files\Oracle\Java\javapath;C:\Windows\system32;C:\Windows;C:\Windows\System32\Wbem;C:\Windows\System32\WindowsPowerShell\v1.0\;C:\Windows\System32\OpenSSH\;F:\MyTools\math\SPSS25\25\JRE\bin;&quot;%JAVA_HOME%\bin;&quot;;C:\Program Files (x86)\dotnet\;F:\MyTools\cs\java\maven\apache-maven-3.8.3-bin\bin;F:\MyTools\cs\tools\github\Git\cmd;F:\MyTools\cs\tools\LFS;C:\Windows\RCC-Interface;node_global;F:\MyTools\RuijieNetwork\tools\svn\bin;C:\Python27;F:\MyTools\cs\tools\nvm-setup\nvm;F:\MyTools\cs\tools\nvm-setup\nvm\nodejs;F:\MyTools\cs\tools\nvm-setup\nvm;F:\MyTools\cs\tools\nvm-setup\nvm\nodejs;F:\MyTools\cs\environment\vue\v12\;C:\Users\lenovo\AppData\Local\Microsoft\WindowsApps;F:\MyTools\cs\java\ide\idea\ideaIU20210201\bin;;F:\MyTools\VisualStudio\Microsoft VS Code\bin;F:\MyTools\cs\java\maven\apache-maven-3.8.3-bin\bin;F:\MyTools\cs\c\IDE\MinGW\bin;node_modules;F:\MyTools\cs\tools\nvm-setup\nvm;F:\MyTools\cs\tools\nvm-setup\nvm\nodejs;F:\MyTools\cs\tools\nvm-setup\nvm\v12.22.10;C:\Users\lenovo\AppData\Roaming\npm;."/>
    <property name="java.vendor" value="Oracle Corporation"/>
    <property name="java.vm.info" value="mixed mode"/>
    <property name="java.vm.version" value="11.0.12+8-LTS-237"/>
    <property name="sun.io.unicode.encoding" value="UnicodeLittle"/>
    <property name="java.class.version" value="55.0"/>
  </properties>
  <testcase name="testInsert" classname="com.cyj.InFuzhouApplicationTests" time="0.516"/>
</testsuite>